2023-02-05 17:26:35,136 [DEBUG]  Available web server routes: 
/conversations/<conversation_id:path>/messages     POST                           add_message
/conversations/<conversation_id:path>/tracker/events POST                           append_events
/webhooks/rasa                                     GET                            custom_webhook_RasaChatInput.health
/webhooks/rasa/webhook                             POST                           custom_webhook_RasaChatInput.receive
/webhooks/rest                                     GET                            custom_webhook_RestInput.health
/webhooks/rest/webhook                             POST                           custom_webhook_RestInput.receive
/model/test/intents                                POST                           evaluate_intents
/model/test/stories                                POST                           evaluate_stories
/conversations/<conversation_id:path>/execute      POST                           execute_action
/domain                                            GET                            get_domain
/socket.io                                         GET                            handle_request
/                                                  GET                            hello
/model                                             PUT                            load_model
/model/parse                                       POST                           parse
/conversations/<conversation_id:path>/predict      POST                           predict
/conversations/<conversation_id:path>/tracker/events PUT                            replace_events
/conversations/<conversation_id:path>/story        GET                            retrieve_story
/conversations/<conversation_id:path>/tracker      GET                            retrieve_tracker
/webhooks/socketio                                 GET                            socketio_webhook.health
/status                                            GET                            status
/model/predict                                     POST                           tracker_predict
/model/train                                       POST                           train
/conversations/<conversation_id:path>/trigger_intent POST                           trigger_intent
/model                                             DELETE                         unload_model
/version                                           GET                            version
2023-02-05 17:26:35,138 [INFO ]  Starting Rasa server on http://localhost:5005
2023-02-05 17:26:35,139 [DEBUG]  Using the default number of Sanic workers (1).
2023-02-05 17:26:35,157 [INFO ]  Loading model models/20230205-172622.tar.gz...
2023-02-05 17:26:35,463 [DEBUG]  Extracted model to '/tmp/tmp3ts56gvx'.
2023-02-05 17:26:35,482 [DEBUG]  Starting new HTTPS connection (1): api.segment.io:443
2023-02-05 17:26:36,637 [DEBUG]  https://api.segment.io:443 "POST /v1/track HTTP/1.1" 200 21
2023-02-05 17:26:36,643 [INFO ]  Enabling coroutine debugging. Loop id 91870288.
2023-02-05 17:26:36,645 [INFO ]  Loading model models/20230205-172622.tar.gz...
2023-02-05 17:26:36,951 [DEBUG]  Extracted model to '/tmp/tmpdzh04nj6'.
2023-02-05 17:26:37,077 [DEBUG]  Loading the model from /tmp/tmpdzh04nj6/nlu/component_5_DIETClassifier.tf_model with finetune_mode=False...
2023-02-05 17:26:37,182 [DEBUG]  Following metrics will be logged during training: 
2023-02-05 17:26:37,182 [DEBUG]    t_loss (total loss)
2023-02-05 17:26:37,183 [DEBUG]    i_acc (intent acc)
2023-02-05 17:26:37,183 [DEBUG]    i_loss (intent loss)
2023-02-05 17:26:37,184 [DEBUG]    e_f1 (entity f1)
2023-02-05 17:26:37,184 [DEBUG]    e_loss (entity loss)
2023-02-05 17:26:51,029 [DEBUG]  Finished loading the model.
2023-02-05 17:26:51,031 [DEBUG]  Failed to load model for 'ResponseSelector'. Maybe you did not provide enough training data and no model was trained or the path '/tmp/tmpdzh04nj6/nlu' doesn't exist?
2023-02-05 17:26:51,041 [DEBUG]  Connected to InMemoryTrackerStore.
2023-02-05 17:26:51,042 [DEBUG]  Connected to lock store 'InMemoryLockStore'.
2023-02-05 17:26:51,387 [DEBUG]  Extracted model to '/tmp/tmpg92h20oa'.
2023-02-05 17:26:51,433 [DEBUG]  Loading the model from /tmp/tmpg92h20oa/core/policy_1_TEDPolicy/ted_policy.tf_model with finetune_mode=False...
2023-02-05 17:27:00,513 [DEBUG]  Finished loading the model.
2023-02-05 17:27:00,517 [DEBUG]  Instantiated NLG to 'TemplatedNaturalLanguageGenerator'.
2023-02-05 17:27:00,518 [INFO ]  Rasa server is up and running.
2023-02-05 17:30:40,275 [DEBUG]  Available web server routes: 
/conversations/<conversation_id:path>/messages     POST                           add_message
/conversations/<conversation_id:path>/tracker/events POST                           append_events
/webhooks/rasa                                     GET                            custom_webhook_RasaChatInput.health
/webhooks/rasa/webhook                             POST                           custom_webhook_RasaChatInput.receive
/webhooks/rest                                     GET                            custom_webhook_RestInput.health
/webhooks/rest/webhook                             POST                           custom_webhook_RestInput.receive
/model/test/intents                                POST                           evaluate_intents
/model/test/stories                                POST                           evaluate_stories
/conversations/<conversation_id:path>/execute      POST                           execute_action
/domain                                            GET                            get_domain
/socket.io                                         OPTIONS                        handle_request
/                                                  GET                            hello
/model                                             PUT                            load_model
/model/parse                                       POST                           parse
/conversations/<conversation_id:path>/predict      POST                           predict
/conversations/<conversation_id:path>/tracker/events PUT                            replace_events
/conversations/<conversation_id:path>/story        GET                            retrieve_story
/conversations/<conversation_id:path>/tracker      GET                            retrieve_tracker
/webhooks/socketio                                 GET                            socketio_webhook.health
/status                                            GET                            status
/model/predict                                     POST                           tracker_predict
/model/train                                       POST                           train
/conversations/<conversation_id:path>/trigger_intent POST                           trigger_intent
/model                                             DELETE                         unload_model
/version                                           GET                            version
2023-02-05 17:30:40,277 [INFO ]  Starting Rasa server on http://localhost:5005
2023-02-05 17:30:40,277 [DEBUG]  Using the default number of Sanic workers (1).
2023-02-05 17:30:40,287 [INFO ]  Loading model models/20230205-172622.tar.gz...
2023-02-05 17:30:40,617 [DEBUG]  Extracted model to '/tmp/tmptjgz2g5u'.
2023-02-05 17:30:40,638 [DEBUG]  Starting new HTTPS connection (1): api.segment.io:443
2023-02-05 17:30:41,877 [DEBUG]  https://api.segment.io:443 "POST /v1/track HTTP/1.1" 200 21
2023-02-05 17:30:41,881 [INFO ]  Enabling coroutine debugging. Loop id 103149664.
2023-02-05 17:30:41,881 [INFO ]  Loading model models/20230205-172622.tar.gz...
2023-02-05 17:30:42,197 [DEBUG]  Extracted model to '/tmp/tmpvok5amqh'.
2023-02-05 17:30:42,305 [DEBUG]  Loading the model from /tmp/tmpvok5amqh/nlu/component_5_DIETClassifier.tf_model with finetune_mode=False...
2023-02-05 17:30:42,395 [DEBUG]  Following metrics will be logged during training: 
2023-02-05 17:30:42,395 [DEBUG]    t_loss (total loss)
2023-02-05 17:30:42,395 [DEBUG]    i_acc (intent acc)
2023-02-05 17:30:42,396 [DEBUG]    i_loss (intent loss)
2023-02-05 17:30:42,396 [DEBUG]    e_f1 (entity f1)
2023-02-05 17:30:42,396 [DEBUG]    e_loss (entity loss)
2023-02-05 17:31:04,205 [DEBUG]  Finished loading the model.
2023-02-05 17:31:04,207 [DEBUG]  Failed to load model for 'ResponseSelector'. Maybe you did not provide enough training data and no model was trained or the path '/tmp/tmpvok5amqh/nlu' doesn't exist?
2023-02-05 17:31:04,216 [DEBUG]  Connected to InMemoryTrackerStore.
2023-02-05 17:31:04,216 [DEBUG]  Connected to lock store 'InMemoryLockStore'.
2023-02-05 17:31:04,543 [DEBUG]  Extracted model to '/tmp/tmpemagwq9o'.
2023-02-05 17:31:04,574 [DEBUG]  Loading the model from /tmp/tmpemagwq9o/core/policy_1_TEDPolicy/ted_policy.tf_model with finetune_mode=False...
2023-02-05 17:31:23,966 [DEBUG]  Finished loading the model.
2023-02-05 17:31:23,980 [DEBUG]  Instantiated NLG to 'TemplatedNaturalLanguageGenerator'.
2023-02-05 17:31:23,982 [INFO ]  Rasa server is up and running.
2023-02-05 17:32:06,353 [DEBUG]  User WP4n_Orb6BctilUmAAAB connected to socketIO endpoint.
2023-02-05 17:32:06,517 [DEBUG]  User WP4n_Orb6BctilUmAAAB connected to socketIO endpoint.
2023-02-05 17:32:16,777 [DEBUG]  Issuing ticket for conversation 'd05b0a22923b4021afb2f054c35a5298'.
2023-02-05 17:32:16,779 [DEBUG]  Acquiring lock for conversation 'd05b0a22923b4021afb2f054c35a5298'.
2023-02-05 17:32:16,779 [DEBUG]  Acquired lock for conversation 'd05b0a22923b4021afb2f054c35a5298'.
2023-02-05 17:32:16,783 [DEBUG]  Could not find tracker for conversation ID 'd05b0a22923b4021afb2f054c35a5298'.
2023-02-05 17:32:16,810 [DEBUG]  Starting a new session for conversation ID 'd05b0a22923b4021afb2f054c35a5298'.
2023-02-05 17:32:16,878 [DEBUG]  Policy prediction ended with events '[]'.
2023-02-05 17:32:16,879 [DEBUG]  Action 'action_session_start' ended with events '[<rasa.shared.core.events.SessionStarted object at 0x7fddd425a580>, ActionExecuted(action: action_listen, policy: None, confidence: None)]'.
2023-02-05 17:32:16,932 [DEBUG]  Current slot values: 
	fname: None
	lname: None
	email: None
	session_started_metadata: None
2023-02-05 17:32:18,278 [DEBUG]  There is no trained model for 'ResponseSelector': The component is either not trained or didn't receive enough training data.
2023-02-05 17:32:18,279 [DEBUG]  Adding following selector key to message property: default
2023-02-05 17:32:18,282 [DEBUG]  Received user message 'Hello' with intent '{'id': 2259995728152437240, 'name': 'greet', 'confidence': 0.9999799728393555}' and entities '[]'
2023-02-05 17:32:18,296 [DEBUG]  Logged UserUtterance - tracker now has 4 events.
2023-02-05 17:32:18,307 [DEBUG]  Current tracker state:
[state 1] user intent: greet | previous action name: action_listen
2023-02-05 17:32:18,313 [DEBUG]  There is a memorised next action 'utter_ask_name'
2023-02-05 17:32:18,351 [DEBUG]  TED predicted 'utter_ask_name' based on user intent.
2023-02-05 17:32:18,353 [DEBUG]  Current tracker state:
[state 1] user text: Hello | previous action name: action_listen
2023-02-05 17:32:18,353 [DEBUG]  There is no applicable rule.
2023-02-05 17:32:18,354 [DEBUG]  Current tracker state:
[state 1] user intent: greet | previous action name: action_listen
2023-02-05 17:32:18,354 [DEBUG]  There is no applicable rule.
2023-02-05 17:32:18,355 [DEBUG]  Made prediction using user intent.
2023-02-05 17:32:18,355 [DEBUG]  Added `DefinePrevUserUtteredFeaturization(False)` event.
2023-02-05 17:32:18,356 [DEBUG]  Predicted next action using policy_0_MemoizationPolicy.
2023-02-05 17:32:18,357 [DEBUG]  Predicted next action 'utter_ask_name' with confidence 1.00.
2023-02-05 17:32:18,367 [DEBUG]  Policy prediction ended with events '[<rasa.shared.core.events.DefinePrevUserUtteredFeaturization object at 0x7fddd425ad30>]'.
2023-02-05 17:32:18,368 [DEBUG]  Action 'utter_ask_name' ended with events '[BotUttered('Hello! Could you please provide your name?', {"elements": null, "quick_replies": null, "buttons": null, "attachment": null, "image": null, "custom": null}, {"utter_action": "utter_ask_name"}, 1675618338.3675227)]'.
2023-02-05 17:32:18,375 [DEBUG]  Current tracker state:
[state 1] user intent: greet | previous action name: action_listen
[state 2] user intent: greet | previous action name: utter_ask_name
2023-02-05 17:32:18,376 [DEBUG]  There is a memorised next action 'action_listen'
2023-02-05 17:32:18,387 [DEBUG]  TED predicted 'action_listen' based on user intent.
2023-02-05 17:32:18,388 [DEBUG]  Current tracker state:
[state 1] user intent: greet | previous action name: action_listen
[state 2] user intent: greet | previous action name: utter_ask_name
2023-02-05 17:32:18,389 [DEBUG]  There is no applicable rule.
2023-02-05 17:32:18,389 [DEBUG]  Predicted next action using policy_0_MemoizationPolicy.
2023-02-05 17:32:18,389 [DEBUG]  Predicted next action 'action_listen' with confidence 1.00.
2023-02-05 17:32:18,390 [DEBUG]  Policy prediction ended with events '[]'.
2023-02-05 17:32:18,390 [DEBUG]  Action 'action_listen' ended with events '[]'.
2023-02-05 17:32:18,392 [DEBUG]  Deleted lock for conversation 'd05b0a22923b4021afb2f054c35a5298'.
2023-02-05 17:32:27,241 [DEBUG]  Issuing ticket for conversation 'd05b0a22923b4021afb2f054c35a5298'.
2023-02-05 17:32:27,241 [DEBUG]  Acquiring lock for conversation 'd05b0a22923b4021afb2f054c35a5298'.
2023-02-05 17:32:27,241 [DEBUG]  Acquired lock for conversation 'd05b0a22923b4021afb2f054c35a5298'.
2023-02-05 17:32:27,242 [DEBUG]  Recreating tracker for id 'd05b0a22923b4021afb2f054c35a5298'
2023-02-05 17:32:27,275 [DEBUG]  There is no trained model for 'ResponseSelector': The component is either not trained or didn't receive enough training data.
2023-02-05 17:32:27,276 [DEBUG]  Adding following selector key to message property: default
2023-02-05 17:32:27,276 [DEBUG]  Received user message 'ansuman mishra' with intent '{'id': 3981546326972929683, 'name': 'supply_name', 'confidence': 0.9999970197677612}' and entities '[{'entity': 'fname', 'start': 0, 'end': 7, 'confidence_entity': 0.9990763664245605, 'value': 'ansuman', 'extractor': 'DIETClassifier'}, {'entity': 'lname', 'start': 8, 'end': 14, 'confidence_entity': 0.9990841150283813, 'value': 'mishra', 'extractor': 'DIETClassifier'}]'
2023-02-05 17:32:27,277 [DEBUG]  Current slot values: 
	fname: ansuman
	lname: mishra
	email: None
	session_started_metadata: None
2023-02-05 17:32:27,277 [DEBUG]  Logged UserUtterance - tracker now has 11 events.
2023-02-05 17:32:27,278 [DEBUG]  Current tracker state:
[state 1] user intent: greet | previous action name: action_listen
[state 2] user intent: greet | previous action name: utter_ask_name
[state 3] user intent: supply_name | user entities: ('fname', 'lname') | previous action name: action_listen
2023-02-05 17:32:27,278 [DEBUG]  There is a memorised next action 'utter_ask_email'
2023-02-05 17:32:27,290 [DEBUG]  TED predicted 'utter_ask_email' based on user intent.
2023-02-05 17:32:27,292 [DEBUG]  Current tracker state:
[state 1] user intent: greet | previous action name: action_listen
[state 2] user intent: greet | previous action name: utter_ask_name
[state 3] user text: ansuman mishra | previous action name: action_listen
2023-02-05 17:32:27,292 [DEBUG]  There is no applicable rule.
2023-02-05 17:32:27,293 [DEBUG]  Current tracker state:
[state 1] user intent: greet | previous action name: action_listen
[state 2] user intent: greet | previous action name: utter_ask_name
[state 3] user intent: supply_name | user entities: ('fname', 'lname') | previous action name: action_listen
2023-02-05 17:32:27,293 [DEBUG]  There is no applicable rule.
2023-02-05 17:32:27,294 [DEBUG]  Made prediction using user intent.
2023-02-05 17:32:27,294 [DEBUG]  Added `DefinePrevUserUtteredFeaturization(False)` event.
2023-02-05 17:32:27,294 [DEBUG]  Predicted next action using policy_0_MemoizationPolicy.
2023-02-05 17:32:27,295 [DEBUG]  Predicted next action 'utter_ask_email' with confidence 1.00.
2023-02-05 17:32:27,296 [DEBUG]  Policy prediction ended with events '[<rasa.shared.core.events.DefinePrevUserUtteredFeaturization object at 0x7fddd425ac40>]'.
2023-02-05 17:32:27,296 [DEBUG]  Action 'utter_ask_email' ended with events '[BotUttered('Please provide me your email.', {"elements": null, "quick_replies": null, "buttons": null, "attachment": null, "image": null, "custom": null}, {"utter_action": "utter_ask_email"}, 1675618347.296292)]'.
2023-02-05 17:32:27,298 [DEBUG]  Current tracker state:
[state 1] user intent: greet | previous action name: action_listen
[state 2] user intent: greet | previous action name: utter_ask_name
[state 3] user intent: supply_name | user entities: ('fname', 'lname') | previous action name: action_listen
[state 4] user intent: supply_name | user entities: ('fname', 'lname') | previous action name: utter_ask_email
2023-02-05 17:32:27,298 [DEBUG]  There is a memorised next action 'action_listen'
2023-02-05 17:32:27,315 [DEBUG]  TED predicted 'action_listen' based on user intent.
2023-02-05 17:32:27,316 [DEBUG]  Current tracker state:
[state 1] user intent: greet | previous action name: action_listen
[state 2] user intent: greet | previous action name: utter_ask_name
[state 3] user intent: supply_name | user entities: ('fname', 'lname') | previous action name: action_listen
[state 4] user intent: supply_name | user entities: ('fname', 'lname') | previous action name: utter_ask_email
2023-02-05 17:32:27,318 [DEBUG]  There is no applicable rule.
2023-02-05 17:32:27,319 [DEBUG]  Predicted next action using policy_0_MemoizationPolicy.
2023-02-05 17:32:27,320 [DEBUG]  Predicted next action 'action_listen' with confidence 1.00.
2023-02-05 17:32:27,321 [DEBUG]  Policy prediction ended with events '[]'.
2023-02-05 17:32:27,322 [DEBUG]  Action 'action_listen' ended with events '[]'.
2023-02-05 17:32:27,323 [DEBUG]  Deleted lock for conversation 'd05b0a22923b4021afb2f054c35a5298'.
2023-02-05 17:32:32,747 [DEBUG]  Issuing ticket for conversation 'd05b0a22923b4021afb2f054c35a5298'.
2023-02-05 17:32:32,749 [DEBUG]  Acquiring lock for conversation 'd05b0a22923b4021afb2f054c35a5298'.
2023-02-05 17:32:32,750 [DEBUG]  Acquired lock for conversation 'd05b0a22923b4021afb2f054c35a5298'.
2023-02-05 17:32:32,750 [DEBUG]  Recreating tracker for id 'd05b0a22923b4021afb2f054c35a5298'
2023-02-05 17:32:32,780 [DEBUG]  There is no trained model for 'ResponseSelector': The component is either not trained or didn't receive enough training data.
2023-02-05 17:32:32,781 [DEBUG]  Adding following selector key to message property: default
2023-02-05 17:32:32,782 [DEBUG]  Received user message 'ansuman@gmail.com' with intent '{'id': -8965225418681019417, 'name': 'supply_email', 'confidence': 0.999996542930603}' and entities '[{'entity': 'email', 'start': 0, 'end': 17, 'confidence_entity': 0.9944044351577759, 'value': 'ansuman@gmail.com', 'extractor': 'DIETClassifier'}]'
2023-02-05 17:32:32,783 [DEBUG]  Current slot values: 
	fname: ansuman
	lname: mishra
	email: ansuman@gmail.com
	session_started_metadata: None
2023-02-05 17:32:32,784 [DEBUG]  Logged UserUtterance - tracker now has 17 events.
2023-02-05 17:32:32,785 [DEBUG]  Current tracker state:
[state 0] user intent: greet | previous action name: action_listen
[state 1] user intent: greet | previous action name: utter_ask_name
[state 2] user intent: supply_name | user entities: ('fname', 'lname') | previous action name: action_listen
[state 3] user intent: supply_name | user entities: ('fname', 'lname') | previous action name: utter_ask_email
[state 4] user intent: supply_email | user entities: ('email',) | previous action name: action_listen
2023-02-05 17:32:32,787 [DEBUG]  There is a memorised next action 'utter_ask_for_confirmation'
2023-02-05 17:32:32,812 [DEBUG]  TED predicted 'utter_acknowledge_provided_info' based on user intent.
2023-02-05 17:32:32,814 [DEBUG]  Current tracker state:
[state 1] user intent: greet | previous action name: action_listen
[state 2] user intent: greet | previous action name: utter_ask_name
[state 3] user intent: supply_name | user entities: ('fname', 'lname') | previous action name: action_listen
[state 4] user intent: supply_name | user entities: ('fname', 'lname') | previous action name: utter_ask_email
[state 5] user text: ansuman@gmail.com | previous action name: action_listen
2023-02-05 17:32:32,814 [DEBUG]  There is no applicable rule.
2023-02-05 17:32:32,815 [DEBUG]  Current tracker state:
[state 1] user intent: greet | previous action name: action_listen
[state 2] user intent: greet | previous action name: utter_ask_name
[state 3] user intent: supply_name | user entities: ('fname', 'lname') | previous action name: action_listen
[state 4] user intent: supply_name | user entities: ('fname', 'lname') | previous action name: utter_ask_email
[state 5] user intent: supply_email | user entities: ('email',) | previous action name: action_listen
2023-02-05 17:32:32,816 [DEBUG]  There is no applicable rule.
2023-02-05 17:32:32,817 [DEBUG]  Made prediction using user intent.
2023-02-05 17:32:32,818 [DEBUG]  Added `DefinePrevUserUtteredFeaturization(False)` event.
2023-02-05 17:32:32,818 [DEBUG]  Predicted next action using policy_0_MemoizationPolicy.
2023-02-05 17:32:32,819 [DEBUG]  Predicted next action 'utter_ask_for_confirmation' with confidence 1.00.
2023-02-05 17:32:32,821 [DEBUG]  Policy prediction ended with events '[<rasa.shared.core.events.DefinePrevUserUtteredFeaturization object at 0x7fddd425a100>]'.
2023-02-05 17:32:32,822 [DEBUG]  Action 'utter_ask_for_confirmation' ended with events '[BotUttered('Is the following data correct ? First Name - ansuman , Last Name - mishra , email - ansuman@gmail.com', {"elements": null, "quick_replies": null, "buttons": null, "attachment": null, "image": null, "custom": null}, {"utter_action": "utter_ask_for_confirmation"}, 1675618352.8213494)]'.
2023-02-05 17:32:32,824 [DEBUG]  Current tracker state:
[state 0] user intent: greet | previous action name: utter_ask_name
[state 1] user intent: supply_name | user entities: ('fname', 'lname') | previous action name: action_listen
[state 2] user intent: supply_name | user entities: ('fname', 'lname') | previous action name: utter_ask_email
[state 3] user intent: supply_email | user entities: ('email',) | previous action name: action_listen
[state 4] user intent: supply_email | user entities: ('email',) | previous action name: utter_ask_for_confirmation
2023-02-05 17:32:32,825 [DEBUG]  There is a memorised next action 'action_listen'
2023-02-05 17:32:32,843 [DEBUG]  TED predicted 'action_listen' based on user intent.
2023-02-05 17:32:32,845 [DEBUG]  Current tracker state:
[state 1] user intent: greet | previous action name: action_listen
[state 2] user intent: greet | previous action name: utter_ask_name
[state 3] user intent: supply_name | user entities: ('fname', 'lname') | previous action name: action_listen
[state 4] user intent: supply_name | user entities: ('fname', 'lname') | previous action name: utter_ask_email
[state 5] user intent: supply_email | user entities: ('email',) | previous action name: action_listen
[state 6] user intent: supply_email | user entities: ('email',) | previous action name: utter_ask_for_confirmation
2023-02-05 17:32:32,846 [DEBUG]  There is no applicable rule.
2023-02-05 17:32:32,847 [DEBUG]  Predicted next action using policy_0_MemoizationPolicy.
2023-02-05 17:32:32,847 [DEBUG]  Predicted next action 'action_listen' with confidence 1.00.
2023-02-05 17:32:32,848 [DEBUG]  Policy prediction ended with events '[]'.
2023-02-05 17:32:32,849 [DEBUG]  Action 'action_listen' ended with events '[]'.
2023-02-05 17:32:32,850 [DEBUG]  Deleted lock for conversation 'd05b0a22923b4021afb2f054c35a5298'.
2023-02-05 17:32:38,939 [DEBUG]  Issuing ticket for conversation 'd05b0a22923b4021afb2f054c35a5298'.
2023-02-05 17:32:38,940 [DEBUG]  Acquiring lock for conversation 'd05b0a22923b4021afb2f054c35a5298'.
2023-02-05 17:32:38,940 [DEBUG]  Acquired lock for conversation 'd05b0a22923b4021afb2f054c35a5298'.
2023-02-05 17:32:38,941 [DEBUG]  Recreating tracker for id 'd05b0a22923b4021afb2f054c35a5298'
2023-02-05 17:32:38,967 [DEBUG]  There is no trained model for 'ResponseSelector': The component is either not trained or didn't receive enough training data.
2023-02-05 17:32:38,968 [DEBUG]  Adding following selector key to message property: default
2023-02-05 17:32:38,971 [DEBUG]  Received user message 'yea' with intent '{'id': -3862355772821440947, 'name': 'affirmative', 'confidence': 0.9983776211738586}' and entities '[]'
2023-02-05 17:32:38,974 [DEBUG]  Logged UserUtterance - tracker now has 22 events.
2023-02-05 17:32:38,975 [DEBUG]  Current tracker state:
[state 0] user intent: supply_name | user entities: ('fname', 'lname') | previous action name: action_listen
[state 1] user intent: supply_name | user entities: ('fname', 'lname') | previous action name: utter_ask_email
[state 2] user intent: supply_email | user entities: ('email',) | previous action name: action_listen
[state 3] user intent: supply_email | user entities: ('email',) | previous action name: utter_ask_for_confirmation
[state 4] user intent: affirmative | previous action name: action_listen
2023-02-05 17:32:38,976 [DEBUG]  There is a memorised next action 'utter_acknowledge_provided_info'
2023-02-05 17:32:38,992 [DEBUG]  TED predicted 'utter_acknowledge_provided_info' based on user intent.
2023-02-05 17:32:38,994 [DEBUG]  Current tracker state:
[state 1] user intent: greet | previous action name: action_listen
[state 2] user intent: greet | previous action name: utter_ask_name
[state 3] user intent: supply_name | user entities: ('fname', 'lname') | previous action name: action_listen
[state 4] user intent: supply_name | user entities: ('fname', 'lname') | previous action name: utter_ask_email
[state 5] user intent: supply_email | user entities: ('email',) | previous action name: action_listen
[state 6] user intent: supply_email | user entities: ('email',) | previous action name: utter_ask_for_confirmation
[state 7] user text: yea | previous action name: action_listen
2023-02-05 17:32:38,994 [DEBUG]  There is no applicable rule.
2023-02-05 17:32:38,995 [DEBUG]  Current tracker state:
[state 1] user intent: greet | previous action name: action_listen
[state 2] user intent: greet | previous action name: utter_ask_name
[state 3] user intent: supply_name | user entities: ('fname', 'lname') | previous action name: action_listen
[state 4] user intent: supply_name | user entities: ('fname', 'lname') | previous action name: utter_ask_email
[state 5] user intent: supply_email | user entities: ('email',) | previous action name: action_listen
[state 6] user intent: supply_email | user entities: ('email',) | previous action name: utter_ask_for_confirmation
[state 7] user intent: affirmative | previous action name: action_listen
2023-02-05 17:32:38,996 [DEBUG]  There is no applicable rule.
2023-02-05 17:32:38,996 [DEBUG]  Made prediction using user intent.
2023-02-05 17:32:38,997 [DEBUG]  Added `DefinePrevUserUtteredFeaturization(False)` event.
2023-02-05 17:32:38,997 [DEBUG]  Predicted next action using policy_0_MemoizationPolicy.
2023-02-05 17:32:38,997 [DEBUG]  Predicted next action 'utter_acknowledge_provided_info' with confidence 1.00.
2023-02-05 17:32:39,000 [DEBUG]  Policy prediction ended with events '[<rasa.shared.core.events.DefinePrevUserUtteredFeaturization object at 0x7fddd425aa90>]'.
2023-02-05 17:32:39,001 [DEBUG]  Action 'utter_acknowledge_provided_info' ended with events '[BotUttered('Thanks ansuman for the info!', {"elements": null, "quick_replies": null, "buttons": null, "attachment": null, "image": null, "custom": null}, {"utter_action": "utter_acknowledge_provided_info"}, 1675618359.0000467)]'.
2023-02-05 17:32:39,006 [DEBUG]  Current tracker state:
[state 0] user intent: supply_name | user entities: ('fname', 'lname') | previous action name: utter_ask_email
[state 1] user intent: supply_email | user entities: ('email',) | previous action name: action_listen
[state 2] user intent: supply_email | user entities: ('email',) | previous action name: utter_ask_for_confirmation
[state 3] user intent: affirmative | previous action name: action_listen
[state 4] user intent: affirmative | previous action name: utter_acknowledge_provided_info
2023-02-05 17:32:39,007 [DEBUG]  There is a memorised next action 'action_listen'
2023-02-05 17:32:39,020 [DEBUG]  TED predicted 'action_listen' based on user intent.
2023-02-05 17:32:39,022 [DEBUG]  Current tracker state:
[state 1] user intent: greet | previous action name: action_listen
[state 2] user intent: greet | previous action name: utter_ask_name
[state 3] user intent: supply_name | user entities: ('fname', 'lname') | previous action name: action_listen
[state 4] user intent: supply_name | user entities: ('fname', 'lname') | previous action name: utter_ask_email
[state 5] user intent: supply_email | user entities: ('email',) | previous action name: action_listen
[state 6] user intent: supply_email | user entities: ('email',) | previous action name: utter_ask_for_confirmation
[state 7] user intent: affirmative | previous action name: action_listen
[state 8] user intent: affirmative | previous action name: utter_acknowledge_provided_info
2023-02-05 17:32:39,023 [DEBUG]  There is no applicable rule.
2023-02-05 17:32:39,024 [DEBUG]  Predicted next action using policy_0_MemoizationPolicy.
2023-02-05 17:32:39,024 [DEBUG]  Predicted next action 'action_listen' with confidence 1.00.
2023-02-05 17:32:39,025 [DEBUG]  Policy prediction ended with events '[]'.
2023-02-05 17:32:39,025 [DEBUG]  Action 'action_listen' ended with events '[]'.
2023-02-05 17:32:39,026 [DEBUG]  Deleted lock for conversation 'd05b0a22923b4021afb2f054c35a5298'.
2023-02-05 17:32:42,680 [DEBUG]  User WP4n_Orb6BctilUmAAAB disconnected from socketIO endpoint.
2023-02-05 17:33:18,006 [ERROR]  Task was destroyed but it is pending!
source_traceback: Object created at (most recent call last):
  File "/opt/venv/bin/rasa", line 8, in <module>
    sys.exit(main())
  File "/opt/venv/lib/python3.8/site-packages/rasa/__main__.py", line 117, in main
    cmdline_arguments.func(cmdline_arguments)
  File "/opt/venv/lib/python3.8/site-packages/rasa/cli/run.py", line 95, in run
    rasa.run(**vars(args))
  File "/opt/venv/lib/python3.8/site-packages/rasa/api.py", line 57, in run
    rasa.core.run.serve_application(
  File "/opt/venv/lib/python3.8/site-packages/rasa/core/run.py", line 220, in serve_application
    app.run(
  File "/opt/venv/lib/python3.8/site-packages/sanic/app.py", line 1170, in run
    serve(**server_settings)
  File "/opt/venv/lib/python3.8/site-packages/sanic/server.py", line 856, in serve
    loop.run_forever()
  File "/opt/venv/lib/python3.8/site-packages/spf/framework.py", line 557, in _handle_request
    _ = await real_handle(request, write_callback,
  File "/opt/venv/lib/python3.8/site-packages/sanic/app.py", line 973, in handle_request
    response = await response
  File "/opt/venv/lib/python3.8/site-packages/engineio/asyncio_server.py", line 249, in handle_request
    r = await self._handle_connect(environ, transport,
  File "/opt/venv/lib/python3.8/site-packages/engineio/asyncio_server.py", line 387, in _handle_connect
    self.start_background_task(self._service_task)
  File "/opt/venv/lib/python3.8/site-packages/engineio/asyncio_server.py", line 323, in start_background_task
    return asyncio.ensure_future(target(*args, **kwargs))
task: <Task pending name='Task-5' coro=<AsyncServer._service_task() running at /opt/venv/lib/python3.8/site-packages/engineio/asyncio_server.py:478> wait_for=<Future pending cb=[<TaskWakeupMethWrapper object at 0x7fde141d2190>()] created at /usr/lib/python3.8/asyncio/tasks.py:643> created at /opt/venv/lib/python3.8/site-packages/engineio/asyncio_server.py:323>
